<?xml version="1.0" encoding="UTF-8"?>
<testsuite name="CodeSharingPlatformTest" tests="1" skipped="0" failures="0" errors="0" timestamp="2022-07-21T09:23:59" hostname="LAPTOP-VBFHQFG2" time="7.484">
  <properties/>
  <testcase name="start" classname="CodeSharingPlatformTest" time="7.484"/>
  <system-out><![CDATA[?[1;31m
Start test 1?[0m

  .   ____          _            __ _ _
 /\\ / ___'_ __ _ _(_)_ __  __ _ \ \ \ \
( ( )\___ | '_ | '_| | '_ \/ _` | \ \ \ \
 \\/  ___)| |_)| | | | | || (_| |  ) ) ) )
  '  |____| .__|_| |_|_| |_\__, | / / / /
 =========|_|==============|___/=/_/_/_/
 :: Spring Boot ::                (v2.5.6)

2022-07-21 12:23:59.987  INFO 23052 --- [    Test worker] platform.CodeSharingPlatform             : Starting CodeSharingPlatform using Java 17.0.3 on LAPTOP-VBFHQFG2 with PID 23052 (started by Ansis in C:\Users\Ansis\Desktop\maven\Code Sharing Platform\Code Sharing Platform\task)
2022-07-21 12:23:59.990  INFO 23052 --- [    Test worker] platform.CodeSharingPlatform             : No active profile set, falling back to default profiles: default
2022-07-21 12:24:01.003  INFO 23052 --- [    Test worker] .s.d.r.c.RepositoryConfigurationDelegate : Bootstrapping Spring Data JPA repositories in DEFAULT mode.
2022-07-21 12:24:01.024  INFO 23052 --- [    Test worker] .s.d.r.c.RepositoryConfigurationDelegate : Finished Spring Data repository scanning in 8 ms. Found 0 JPA repository interfaces.
2022-07-21 12:24:01.646  INFO 23052 --- [    Test worker] o.s.b.w.embedded.tomcat.TomcatWebServer  : Tomcat initialized with port(s): 8889 (http)
2022-07-21 12:24:01.656  INFO 23052 --- [    Test worker] o.apache.catalina.core.StandardService   : Starting service [Tomcat]
2022-07-21 12:24:01.657  INFO 23052 --- [    Test worker] org.apache.catalina.core.StandardEngine  : Starting Servlet engine: [Apache Tomcat/9.0.54]
2022-07-21 12:24:01.765  INFO 23052 --- [    Test worker] o.a.c.c.C.[Tomcat].[localhost].[/]       : Initializing Spring embedded WebApplicationContext
2022-07-21 12:24:01.765  INFO 23052 --- [    Test worker] w.s.c.ServletWebServerApplicationContext : Root WebApplicationContext: initialization completed in 1725 ms
2022-07-21 12:24:01.895  INFO 23052 --- [    Test worker] com.zaxxer.hikari.HikariDataSource       : HikariPool-1 - Starting...
2022-07-21 12:24:02.062  INFO 23052 --- [    Test worker] com.zaxxer.hikari.HikariDataSource       : HikariPool-1 - Start completed.
2022-07-21 12:24:02.068  INFO 23052 --- [    Test worker] o.s.b.a.h2.H2ConsoleAutoConfiguration    : H2 console available at '/h2-console'. Database available at 'jdbc:h2:file:../snippets'
2022-07-21 12:24:02.275  INFO 23052 --- [    Test worker] o.hibernate.jpa.internal.util.LogHelper  : HHH000204: Processing PersistenceUnitInfo [name: default]
2022-07-21 12:24:02.329  INFO 23052 --- [    Test worker] org.hibernate.Version                    : HHH000412: Hibernate ORM core version 5.4.32.Final
2022-07-21 12:24:02.481  INFO 23052 --- [    Test worker] o.hibernate.annotations.common.Version   : HCANN000001: Hibernate Commons Annotations {5.1.2.Final}
2022-07-21 12:24:02.599  INFO 23052 --- [    Test worker] org.hibernate.dialect.Dialect            : HHH000400: Using dialect: org.hibernate.dialect.H2Dialect
2022-07-21 12:24:03.147  INFO 23052 --- [    Test worker] o.h.e.t.j.p.i.JtaPlatformInitiator       : HHH000490: Using JtaPlatform implementation: [org.hibernate.engine.transaction.jta.platform.internal.NoJtaPlatform]
2022-07-21 12:24:03.154  INFO 23052 --- [    Test worker] j.LocalContainerEntityManagerFactoryBean : Initialized JPA EntityManagerFactory for persistence unit 'default'
2022-07-21 12:24:03.253  WARN 23052 --- [    Test worker] JpaBaseConfiguration$JpaWebConfiguration : spring.jpa.open-in-view is enabled by default. Therefore, database queries may be performed during view rendering. Explicitly configure spring.jpa.open-in-view to disable this warning
2022-07-21 12:24:03.444  INFO 23052 --- [    Test worker] o.s.b.a.w.s.WelcomePageHandlerMapping    : Adding welcome page template: index
2022-07-21 12:24:03.866  INFO 23052 --- [    Test worker] o.s.b.a.e.web.EndpointLinksResolver      : Exposing 14 endpoint(s) beneath base path '/actuator'
2022-07-21 12:24:03.897  INFO 23052 --- [    Test worker] o.s.b.w.embedded.tomcat.TomcatWebServer  : Tomcat started on port(s): 8889 (http) with context path ''
2022-07-21 12:24:03.911  INFO 23052 --- [    Test worker] platform.CodeSharingPlatform             : Started CodeSharingPlatform in 4.326 seconds (JVM running for 5.016)
2022-07-21 12:24:04.178  INFO 23052 --- [nio-8889-exec-1] o.a.c.c.C.[Tomcat].[localhost].[/]       : Initializing Spring DispatcherServlet 'dispatcherServlet'
2022-07-21 12:24:04.178  INFO 23052 --- [nio-8889-exec-1] o.s.web.servlet.DispatcherServlet        : Initializing Servlet 'dispatcherServlet'
2022-07-21 12:24:04.181  INFO 23052 --- [nio-8889-exec-1] o.s.web.servlet.DispatcherServlet        : Completed initialization in 3 ms
?[1;31m
Start test 2?[0m
saving in the H2 database
set id before saving: null
set id after saving: 1
the new code in the database id: 1
?[1;31m
Start test 3?[0m
finding in the H2 database
?[1;31m
Start test 4?[0m
finding in the H2 database
?[1;31m
Start test 5?[0m
?[1;31m
Start test 6?[0m
?[1;31m
Start test 7?[0m
saving in the H2 database
set id before saving: null
set id after saving: 2
the new code in the database id: 2
?[1;31m
Start test 8?[0m
finding in the H2 database
?[1;31m
Start test 9?[0m
finding in the H2 database
?[1;31m
Start test 10?[0m
finding in the H2 database
?[1;31m
Start test 11?[0m
finding in the H2 database
?[1;31m
Start test 12?[0m
?[1;31m
Start test 13?[0m
?[1;31m
Start test 14?[0m
saving in the H2 database
set id before saving: null
set id after saving: 3
the new code in the database id: 3
?[1;31m
Start test 15?[0m
saving in the H2 database
set id before saving: null
set id after saving: 4
the new code in the database id: 4
?[1;31m
Start test 16?[0m
saving in the H2 database
set id before saving: null
set id after saving: 5
the new code in the database id: 5
?[1;31m
Start test 17?[0m
saving in the H2 database
set id before saving: null
set id after saving: 6
the new code in the database id: 6
?[1;31m
Start test 18?[0m
saving in the H2 database
set id before saving: null
set id after saving: 7
the new code in the database id: 7
?[1;31m
Start test 19?[0m
saving in the H2 database
set id before saving: null
set id after saving: 8
the new code in the database id: 8
?[1;31m
Start test 20?[0m
saving in the H2 database
set id before saving: null
set id after saving: 9
the new code in the database id: 9
?[1;31m
Start test 21?[0m
saving in the H2 database
set id before saving: null
set id after saving: 10
the new code in the database id: 10
?[1;31m
Start test 22?[0m
saving in the H2 database
set id before saving: null
set id after saving: 11
the new code in the database id: 11
?[1;31m
Start test 23?[0m
saving in the H2 database
set id before saving: null
set id after saving: 12
the new code in the database id: 12
?[1;31m
Start test 24?[0m
saving in the H2 database
set id before saving: null
set id after saving: 13
the new code in the database id: 13
?[1;31m
Start test 25?[0m
saving in the H2 database
set id before saving: null
set id after saving: 14
the new code in the database id: 14
?[1;31m
Start test 26?[0m
finding in the H2 database
?[1;31m
Start test 27?[0m
finding in the H2 database
?[1;31m
Start test 28?[0m
finding in the H2 database
?[1;31m
Start test 29?[0m
finding in the H2 database
?[1;31m
Start test 30?[0m
finding in the H2 database
?[1;31m
Start test 31?[0m
finding in the H2 database
?[1;31m
Start test 32?[0m
finding in the H2 database
?[1;31m
Start test 33?[0m
finding in the H2 database
?[1;31m
Start test 34?[0m
finding in the H2 database
?[1;31m
Start test 35?[0m
finding in the H2 database
?[1;31m
Start test 36?[0m
finding in the H2 database
?[1;31m
Start test 37?[0m
finding in the H2 database
?[1;31m
Start test 38?[0m
finding in the H2 database
?[1;31m
Start test 39?[0m
finding in the H2 database
?[1;31m
Start test 40?[0m
finding in the H2 database
?[1;31m
Start test 41?[0m
finding in the H2 database
?[1;31m
Start test 42?[0m
finding in the H2 database
?[1;31m
Start test 43?[0m
finding in the H2 database
?[1;31m
Start test 44?[0m
finding in the H2 database
?[1;31m
Start test 45?[0m
finding in the H2 database
?[1;31m
Start test 46?[0m
finding in the H2 database
?[1;31m
Start test 47?[0m
finding in the H2 database
?[1;31m
Start test 48?[0m
finding in the H2 database
?[1;31m
Start test 49?[0m
finding in the H2 database
?[1;31m
Start test 50?[0m
finding in the H2 database
?[1;31m
Start test 51?[0m
finding in the H2 database
?[1;31m
Start test 52?[0m
finding in the H2 database
?[1;31m
Start test 53?[0m
finding in the H2 database
?[1;31m
Start test 54?[0m
?[1;31m
Start test 55?[0m
?[1;31m
Start test 56?[0m
2022-07-21 12:24:05.797  INFO 23052 --- [       Thread-5] j.LocalContainerEntityManagerFactoryBean : Closing JPA EntityManagerFactory for persistence unit 'default'
2022-07-21 12:24:05.799  INFO 23052 --- [       Thread-5] com.zaxxer.hikari.HikariDataSource       : HikariPool-1 - Shutdown initiated...
2022-07-21 12:24:05.808  INFO 23052 --- [       Thread-5] com.zaxxer.hikari.HikariDataSource       : HikariPool-1 - Shutdown completed.

  .   ____          _            __ _ _
 /\\ / ___'_ __ _ _(_)_ __  __ _ \ \ \ \
( ( )\___ | '_ | '_| | '_ \/ _` | \ \ \ \
 \\/  ___)| |_)| | | | | || (_| |  ) ) ) )
  '  |____| .__|_| |_|_| |_\__, | / / / /
 =========|_|==============|___/=/_/_/_/
 :: Spring Boot ::                (v2.5.6)

2022-07-21 12:24:05.945  INFO 23052 --- [    Test worker] platform.CodeSharingPlatform             : Starting CodeSharingPlatform using Java 17.0.3 on LAPTOP-VBFHQFG2 with PID 23052 (started by Ansis in C:\Users\Ansis\Desktop\maven\Code Sharing Platform\Code Sharing Platform\task)
2022-07-21 12:24:05.946  INFO 23052 --- [    Test worker] platform.CodeSharingPlatform             : No active profile set, falling back to default profiles: default
2022-07-21 12:24:06.188  INFO 23052 --- [    Test worker] .s.d.r.c.RepositoryConfigurationDelegate : Bootstrapping Spring Data JPA repositories in DEFAULT mode.
2022-07-21 12:24:06.191  INFO 23052 --- [    Test worker] .s.d.r.c.RepositoryConfigurationDelegate : Finished Spring Data repository scanning in 2 ms. Found 0 JPA repository interfaces.
2022-07-21 12:24:06.271  INFO 23052 --- [    Test worker] o.s.b.w.embedded.tomcat.TomcatWebServer  : Tomcat initialized with port(s): 8889 (http)
2022-07-21 12:24:06.271  INFO 23052 --- [    Test worker] o.apache.catalina.core.StandardService   : Starting service [Tomcat]
2022-07-21 12:24:06.272  INFO 23052 --- [    Test worker] org.apache.catalina.core.StandardEngine  : Starting Servlet engine: [Apache Tomcat/9.0.54]
2022-07-21 12:24:06.298  INFO 23052 --- [    Test worker] o.a.c.c.C.[Tomcat].[localhost].[/]       : Initializing Spring embedded WebApplicationContext
2022-07-21 12:24:06.298  INFO 23052 --- [    Test worker] w.s.c.ServletWebServerApplicationContext : Root WebApplicationContext: initialization completed in 350 ms
2022-07-21 12:24:06.324  INFO 23052 --- [    Test worker] com.zaxxer.hikari.HikariDataSource       : HikariPool-2 - Starting...
2022-07-21 12:24:06.334  INFO 23052 --- [    Test worker] com.zaxxer.hikari.HikariDataSource       : HikariPool-2 - Start completed.
2022-07-21 12:24:06.335  INFO 23052 --- [    Test worker] o.s.b.a.h2.H2ConsoleAutoConfiguration    : H2 console available at '/h2-console'. Database available at 'jdbc:h2:file:../snippets'
2022-07-21 12:24:06.366  INFO 23052 --- [    Test worker] o.hibernate.jpa.internal.util.LogHelper  : HHH000204: Processing PersistenceUnitInfo [name: default]
2022-07-21 12:24:06.372  INFO 23052 --- [    Test worker] org.hibernate.dialect.Dialect            : HHH000400: Using dialect: org.hibernate.dialect.H2Dialect
2022-07-21 12:24:06.407  INFO 23052 --- [    Test worker] o.h.e.t.j.p.i.JtaPlatformInitiator       : HHH000490: Using JtaPlatform implementation: [org.hibernate.engine.transaction.jta.platform.internal.NoJtaPlatform]
2022-07-21 12:24:06.407  INFO 23052 --- [    Test worker] j.LocalContainerEntityManagerFactoryBean : Initialized JPA EntityManagerFactory for persistence unit 'default'
2022-07-21 12:24:06.428  WARN 23052 --- [    Test worker] JpaBaseConfiguration$JpaWebConfiguration : spring.jpa.open-in-view is enabled by default. Therefore, database queries may be performed during view rendering. Explicitly configure spring.jpa.open-in-view to disable this warning
2022-07-21 12:24:06.476  INFO 23052 --- [    Test worker] o.s.b.a.w.s.WelcomePageHandlerMapping    : Adding welcome page template: index
2022-07-21 12:24:06.591  INFO 23052 --- [    Test worker] o.s.b.a.e.web.EndpointLinksResolver      : Exposing 14 endpoint(s) beneath base path '/actuator'
2022-07-21 12:24:06.606  INFO 23052 --- [    Test worker] o.s.b.w.embedded.tomcat.TomcatWebServer  : Tomcat started on port(s): 8889 (http) with context path ''
2022-07-21 12:24:06.610  INFO 23052 --- [    Test worker] platform.CodeSharingPlatform             : Started CodeSharingPlatform in 0.695 seconds (JVM running for 7.715)
?[1;31m
Start test 57?[0m
2022-07-21 12:24:06.619  INFO 23052 --- [nio-8889-exec-1] o.a.c.c.C.[Tomcat].[localhost].[/]       : Initializing Spring DispatcherServlet 'dispatcherServlet'
2022-07-21 12:24:06.619  INFO 23052 --- [nio-8889-exec-1] o.s.web.servlet.DispatcherServlet        : Initializing Servlet 'dispatcherServlet'
2022-07-21 12:24:06.620  INFO 23052 --- [nio-8889-exec-1] o.s.web.servlet.DispatcherServlet        : Completed initialization in 1 ms
finding in the H2 database
?[1;31m
Start test 58?[0m
finding in the H2 database
?[1;31m
Start test 59?[0m
finding in the H2 database
?[1;31m
Start test 60?[0m
finding in the H2 database
?[1;31m
Start test 61?[0m
finding in the H2 database
?[1;31m
Start test 62?[0m
finding in the H2 database
?[1;31m
Start test 63?[0m
finding in the H2 database
?[1;31m
Start test 64?[0m
finding in the H2 database
?[1;31m
Start test 65?[0m
finding in the H2 database
?[1;31m
Start test 66?[0m
finding in the H2 database
?[1;31m
Start test 67?[0m
finding in the H2 database
?[1;31m
Start test 68?[0m
finding in the H2 database
?[1;31m
Start test 69?[0m
finding in the H2 database
?[1;31m
Start test 70?[0m
finding in the H2 database
?[1;31m
Start test 71?[0m
finding in the H2 database
?[1;31m
Start test 72?[0m
finding in the H2 database
?[1;31m
Start test 73?[0m
finding in the H2 database
?[1;31m
Start test 74?[0m
finding in the H2 database
?[1;31m
Start test 75?[0m
finding in the H2 database
?[1;31m
Start test 76?[0m
finding in the H2 database
?[1;31m
Start test 77?[0m
finding in the H2 database
?[1;31m
Start test 78?[0m
finding in the H2 database
?[1;31m
Start test 79?[0m
finding in the H2 database
?[1;31m
Start test 80?[0m
finding in the H2 database
?[1;31m
Start test 81?[0m
finding in the H2 database
?[1;31m
Start test 82?[0m
finding in the H2 database
?[1;31m
Start test 83?[0m
finding in the H2 database
?[1;31m
Start test 84?[0m
finding in the H2 database
?[1;31m
Start test 85?[0m
?[1;31m
Start test 86?[0m
]]></system-out>
  <system-err><![CDATA[]]></system-err>
</testsuite>
