<?xml version="1.0" encoding="UTF-8"?>
<testsuite name="CodeSharingPlatformTest" tests="1" skipped="0" failures="0" errors="0" timestamp="2022-07-12T15:22:16" hostname="LAPTOP-VBFHQFG2" time="2.645">
  <properties/>
  <testcase name="start" classname="CodeSharingPlatformTest" time="2.645"/>
  <system-out><![CDATA[?[1;31m
Start test 1?[0m

  .   ____          _            __ _ _
 /\\ / ___'_ __ _ _(_)_ __  __ _ \ \ \ \
( ( )\___ | '_ | '_| | '_ \/ _` | \ \ \ \
 \\/  ___)| |_)| | | | | || (_| |  ) ) ) )
  '  |____| .__|_| |_|_| |_\__, | / / / /
 =========|_|==============|___/=/_/_/_/
 :: Spring Boot ::                (v2.5.6)

2022-07-12 18:22:16.738  INFO 20068 --- [    Test worker] platform.CodeSharingPlatform             : Starting CodeSharingPlatform using Java 17.0.3 on LAPTOP-VBFHQFG2 with PID 20068 (started by Ansis in C:\Users\Ansis\Desktop\maven\Code Sharing Platform\Code Sharing Platform\task)
2022-07-12 18:22:16.741  INFO 20068 --- [    Test worker] platform.CodeSharingPlatform             : No active profile set, falling back to default profiles: default
2022-07-12 18:22:17.758  INFO 20068 --- [    Test worker] o.s.b.w.embedded.tomcat.TomcatWebServer  : Tomcat initialized with port(s): 8889 (http)
2022-07-12 18:22:17.767  INFO 20068 --- [    Test worker] o.apache.catalina.core.StandardService   : Starting service [Tomcat]
2022-07-12 18:22:17.767  INFO 20068 --- [    Test worker] org.apache.catalina.core.StandardEngine  : Starting Servlet engine: [Apache Tomcat/9.0.54]
2022-07-12 18:22:17.838  INFO 20068 --- [    Test worker] o.a.c.c.C.[Tomcat].[localhost].[/]       : Initializing Spring embedded WebApplicationContext
2022-07-12 18:22:17.838  INFO 20068 --- [    Test worker] w.s.c.ServletWebServerApplicationContext : Root WebApplicationContext: initialization completed in 1058 ms
2022-07-12 18:22:18.411  INFO 20068 --- [    Test worker] o.s.b.a.e.web.EndpointLinksResolver      : Exposing 14 endpoint(s) beneath base path '/actuator'
2022-07-12 18:22:18.444  INFO 20068 --- [    Test worker] o.s.b.w.embedded.tomcat.TomcatWebServer  : Tomcat started on port(s): 8889 (http) with context path ''
2022-07-12 18:22:18.455  INFO 20068 --- [    Test worker] platform.CodeSharingPlatform             : Started CodeSharingPlatform in 2.028 seconds (JVM running for 2.613)
2022-07-12 18:22:18.715  INFO 20068 --- [nio-8889-exec-1] o.a.c.c.C.[Tomcat].[localhost].[/]       : Initializing Spring DispatcherServlet 'dispatcherServlet'
2022-07-12 18:22:18.715  INFO 20068 --- [nio-8889-exec-1] o.s.web.servlet.DispatcherServlet        : Initializing Servlet 'dispatcherServlet'
2022-07-12 18:22:18.716  INFO 20068 --- [nio-8889-exec-1] o.s.web.servlet.DispatcherServlet        : Completed initialization in 1 ms
?[1;31m
Start test 2?[0m
?[1;31m
Start test 3?[0m
]]></system-out>
  <system-err><![CDATA[]]></system-err>
</testsuite>
